2023-03-10 16:45:29,067  INFO [main] SauceDemo-15oct-Project:51 -  To open the browser
2023-03-10 16:45:29,191  INFO [main] SauceDemo-15oct-Project:54 - Maximize the window
2023-03-10 16:46:05,629  INFO [main] SauceDemo-15oct-Project:57 -  To open the URL
2023-03-10 16:46:05,829  INFO [main] SauceDemo-15oct-Project:62 - Screenshot is taken
2023-03-10 16:46:06,147  INFO [main] SauceDemo-15oct-Project:68 - Username is entered
2023-03-10 16:46:06,365  INFO [main] SauceDemo-15oct-Project:71 - Password is entered
2023-03-10 16:46:06,655  INFO [main] SauceDemo-15oct-Project:74 - Loginbutton is clicked
2023-03-10 16:46:07,329  INFO [main] SauceDemo-15oct-Project:85 - Browser is closed
2023-03-10 16:46:07,329  INFO [main] SauceDemo-15oct-Project:86 - End of program
2023-03-10 16:46:08,169  INFO [main] SauceDemo-15oct-Project:51 -  To open the browser
2023-03-10 16:46:08,292  INFO [main] SauceDemo-15oct-Project:54 - Maximize the window
2023-03-10 16:46:10,861  INFO [main] SauceDemo-15oct-Project:57 -  To open the URL
2023-03-10 16:46:10,987  INFO [main] SauceDemo-15oct-Project:62 - Screenshot is taken
2023-03-10 16:46:11,100  INFO [main] SauceDemo-15oct-Project:68 - Username is entered
2023-03-10 16:46:11,196  INFO [main] SauceDemo-15oct-Project:71 - Password is entered
2023-03-10 16:46:11,417  INFO [main] SauceDemo-15oct-Project:74 - Loginbutton is clicked
2023-03-10 16:46:12,166  INFO [main] SauceDemo-15oct-Project:85 - Browser is closed
2023-03-10 16:46:12,166  INFO [main] SauceDemo-15oct-Project:86 - End of program
2023-03-10 16:46:13,056  INFO [main] SauceDemo-15oct-Project:51 -  To open the browser
2023-03-10 16:46:13,195  INFO [main] SauceDemo-15oct-Project:54 - Maximize the window
2023-03-10 16:46:15,440  INFO [main] SauceDemo-15oct-Project:57 -  To open the URL
2023-03-10 16:46:15,651  INFO [main] SauceDemo-15oct-Project:62 - Screenshot is taken
2023-03-10 16:46:15,754  INFO [main] SauceDemo-15oct-Project:68 - Username is entered
2023-03-10 16:46:15,843  INFO [main] SauceDemo-15oct-Project:71 - Password is entered
2023-03-10 16:46:16,087  INFO [main] SauceDemo-15oct-Project:74 - Loginbutton is clicked
2023-03-10 16:46:16,670  INFO [main] SauceDemo-15oct-Project:85 - Browser is closed
2023-03-10 16:46:16,671  INFO [main] SauceDemo-15oct-Project:86 - End of program
2023-03-10 16:46:17,568  INFO [main] SauceDemo-15oct-Project:51 -  To open the browser
2023-03-10 16:46:17,710  INFO [main] SauceDemo-15oct-Project:54 - Maximize the window
2023-03-10 16:46:20,711  INFO [main] SauceDemo-15oct-Project:57 -  To open the URL
2023-03-10 16:46:20,928  INFO [main] SauceDemo-15oct-Project:62 - Screenshot is taken
2023-03-10 16:46:21,032  INFO [main] SauceDemo-15oct-Project:68 - Username is entered
2023-03-10 16:46:21,123  INFO [main] SauceDemo-15oct-Project:71 - Password is entered
2023-03-10 16:46:21,356  INFO [main] SauceDemo-15oct-Project:74 - Loginbutton is clicked
2023-03-10 16:46:21,837  INFO [main] SauceDemo-15oct-Project:85 - Browser is closed
2023-03-10 16:46:21,838  INFO [main] SauceDemo-15oct-Project:86 - End of program
2023-03-10 16:46:22,727  INFO [main] SauceDemo-15oct-Project:51 -  To open the browser
2023-03-10 16:46:22,868  INFO [main] SauceDemo-15oct-Project:54 - Maximize the window
2023-03-10 16:46:26,390  INFO [main] SauceDemo-15oct-Project:57 -  To open the URL
2023-03-10 16:46:26,593  INFO [main] SauceDemo-15oct-Project:62 - Screenshot is taken
2023-03-10 16:46:26,797  INFO [main] SauceDemo-15oct-Project:68 - Username is entered
2023-03-10 16:46:26,941  INFO [main] SauceDemo-15oct-Project:71 - Password is entered
2023-03-10 16:46:27,295  INFO [main] SauceDemo-15oct-Project:74 - Loginbutton is clicked
2023-03-10 16:46:27,442  INFO [main] SauceDemo-15oct-Project:85 - Browser is closed
2023-03-10 16:46:27,442  INFO [main] SauceDemo-15oct-Project:86 - End of program
